c:\users\noobz\source\repos\trident-hook\buid\vc142.pdb
c:\users\noobz\source\repos\trident-hook\buid\trampoline.obj
c:\users\noobz\source\repos\trident-hook\buid\hook.obj
c:\users\noobz\source\repos\trident-hook\buid\hde64.obj
c:\users\noobz\source\repos\trident-hook\buid\hde32.obj
c:\users\noobz\source\repos\trident-hook\buid\buffer.obj
c:\users\noobz\source\repos\trident-hook\buid\dllmain.obj
c:\users\noobz\source\repos\trident-hook\buid\player.obj
c:\users\noobz\source\repos\trident-hook\buid\modules.obj
c:\users\noobz\source\repos\trident-hook\buid\entity.obj
c:\users\noobz\source\repos\trident-hook\buid\noflash.obj
c:\users\noobz\source\repos\trident-hook\buid\bhop.obj
c:\users\noobz\source\repos\trident-hook\buid\trident.dll
c:\users\noobz\source\repos\trident-hook\buid\trident.pdb
c:\users\noobz\source\repos\trident-hook\buid\trident.ipdb
c:\users\noobz\source\repos\trident-hook\buid\trident.iobj
c:\users\noobz\source\repos\trident-hook\buid\trident.tlog\cl.command.1.tlog
c:\users\noobz\source\repos\trident-hook\buid\trident.tlog\cl.read.1.tlog
c:\users\noobz\source\repos\trident-hook\buid\trident.tlog\cl.write.1.tlog
c:\users\noobz\source\repos\trident-hook\buid\trident.tlog\link.command.1.tlog
c:\users\noobz\source\repos\trident-hook\buid\trident.tlog\link.read.1.tlog
c:\users\noobz\source\repos\trident-hook\buid\trident.tlog\link.write.1.tlog
c:\users\noobz\source\repos\trident-hook\buid\trident.tlog\trident.write.1u.tlog
