  buffer.c
  hde32.c
  hde64.c
  hook.c
  trampoline.c
  bhop.cpp
  fovchanger.cpp
  hitmarker.cpp
  noflash.cpp
  triggerbot.cpp
  entity.cpp
  modules.cpp
  modules.hpp
  player.cpp
  dllmain.cpp
C:\Users\noobz\source\repos\trident-hook\src\dllmain.cpp(1,32): warning C4081: expected ')'; found ','
C:\Users\noobz\source\repos\trident-hook\src\dllmain.cpp(25,27): warning C4244: 'argument': conversion from 'ULONGLONG' to 'unsigned int', possible loss of data
C:\Users\noobz\source\repos\trident-hook\buid\modules.obj : warning LNK4042: object specified more than once; extras ignored
  Generating code
  Previous IPDB not found, fall back to full compilation.
  All 89 functions were compiled because no usable IPDB/IOBJ from previous compilation was found.
  Finished generating code
  Trident.vcxproj -> C:\Users\noobz\source\repos\trident-hook\buid\Trident.dll
